[     844ms] [INFO] %cDownload the React DevTools for a better development experience: https://react.dev/link/react-devtools font-weight:bold @ https://3000-inzdb3k3ygiyevyt52xzc-baad0b8f.sg1.manus.computer/__manus__/debug-collector.js:396
[ 4678070ms] [LOG] [vite] server connection lost. Polling for restart... @ https://3000-inzdb3k3ygiyevyt52xzc-baad0b8f.sg1.manus.computer/__manus__/debug-collector.js:396
[ 4681803ms] [INFO] %cDownload the React DevTools for a better development experience: https://react.dev/link/react-devtools font-weight:bold @ https://3000-inzdb3k3ygiyevyt52xzc-baad0b8f.sg1.manus.computer/__manus__/debug-collector.js:396
[ 4788266ms] [INFO] %cDownload the React DevTools for a better development experience: https://react.dev/link/react-devtools font-weight:bold @ https://3000-inzdb3k3ygiyevyt52xzc-baad0b8f.sg1.manus.computer/__manus__/debug-collector.js:396
[ 8893422ms] [INFO] %cDownload the React DevTools for a better development experience: https://react.dev/link/react-devtools font-weight:bold @ https://3000-inzdb3k3ygiyevyt52xzc-baad0b8f.sg1.manus.computer/__manus__/debug-collector.js:396
[ 9165652ms] [INFO] %cDownload the React DevTools for a better development experience: https://react.dev/link/react-devtools font-weight:bold @ https://3000-inzdb3k3ygiyevyt52xzc-baad0b8f.sg1.manus.computer/__manus__/debug-collector.js:396
[ 9170739ms] [INFO] %cDownload the React DevTools for a better development experience: https://react.dev/link/react-devtools font-weight:bold @ https://3000-inzdb3k3ygiyevyt52xzc-baad0b8f.sg1.manus.computer/__manus__/debug-collector.js:396
[11667714ms] [INFO] %cDownload the React DevTools for a better development experience: https://react.dev/link/react-devtools font-weight:bold @ https://3000-inzdb3k3ygiyevyt52xzc-baad0b8f.sg1.manus.computer/__manus__/debug-collector.js:396
[11668703ms] [INFO] %cDownload the React DevTools for a better development experience: https://react.dev/link/react-devtools font-weight:bold @ https://3000-inzdb3k3ygiyevyt52xzc-baad0b8f.sg1.manus.computer/__manus__/debug-collector.js:396
[11671284ms] [INFO] %cDownload the React DevTools for a better development experience: https://react.dev/link/react-devtools font-weight:bold @ https://3000-inzdb3k3ygiyevyt52xzc-baad0b8f.sg1.manus.computer/__manus__/debug-collector.js:396
[11674706ms] [INFO] %cDownload the React DevTools for a better development experience: https://react.dev/link/react-devtools font-weight:bold @ https://3000-inzdb3k3ygiyevyt52xzc-baad0b8f.sg1.manus.computer/__manus__/debug-collector.js:396
[12691698ms] [LOG] [vite] server connection lost. Polling for restart... @ https://3000-inzdb3k3ygiyevyt52xzc-baad0b8f.sg1.manus.computer/__manus__/debug-collector.js:396
[12693124ms] [ERROR] Failed to load resource: the server responded with a status of 502 () @ https://3000-inzdb3k3ygiyevyt52xzc-baad0b8f.sg1.manus.computer/__manus__/logs:0
[14067145ms] [ERROR] Failed to load resource: the server responded with a status of 502 () @ https://3000-inzdb3k3ygiyevyt52xzc-baad0b8f.sg1.manus.computer/__manus__/logs:0
[14068779ms] [ERROR] Failed to load resource: the server responded with a status of 502 () @ https://3000-inzdb3k3ygiyevyt52xzc-baad0b8f.sg1.manus.computer/__manus__/logs:0
[14072780ms] [ERROR] Failed to load resource: the server responded with a status of 502 () @ https://3000-inzdb3k3ygiyevyt52xzc-baad0b8f.sg1.manus.computer/__manus__/logs:0
[17083087ms] [ERROR] Failed to load resource: the server responded with a status of 502 () @ https://3000-inzdb3k3ygiyevyt52xzc-baad0b8f.sg1.manus.computer/__manus__/logs:0
[17084797ms] [ERROR] Failed to load resource: the server responded with a status of 502 () @ https://3000-inzdb3k3ygiyevyt52xzc-baad0b8f.sg1.manus.computer/__manus__/logs:0
[17086807ms] [ERROR] Failed to load resource: the server responded with a status of 502 () @ https://3000-inzdb3k3ygiyevyt52xzc-baad0b8f.sg1.manus.computer/__manus__/logs:0
[18419098ms] [ERROR] Failed to load resource: the server responded with a status of 502 () @ https://3000-inzdb3k3ygiyevyt52xzc-baad0b8f.sg1.manus.computer/__manus__/logs:0
[18420763ms] [ERROR] Failed to load resource: the server responded with a status of 502 () @ https://3000-inzdb3k3ygiyevyt52xzc-baad0b8f.sg1.manus.computer/__manus__/logs:0
[18428792ms] [ERROR] Failed to load resource: the server responded with a status of 502 () @ https://3000-inzdb3k3ygiyevyt52xzc-baad0b8f.sg1.manus.computer/__manus__/logs:0
[18432786ms] [ERROR] Failed to load resource: the server responded with a status of 502 () @ https://3000-inzdb3k3ygiyevyt52xzc-baad0b8f.sg1.manus.computer/__manus__/logs:0
[18434792ms] [ERROR] Failed to load resource: the server responded with a status of 502 () @ https://3000-inzdb3k3ygiyevyt52xzc-baad0b8f.sg1.manus.computer/__manus__/logs:0
[18436796ms] [ERROR] Failed to load resource: the server responded with a status of 502 () @ https://3000-inzdb3k3ygiyevyt52xzc-baad0b8f.sg1.manus.computer/__manus__/logs:0
[18642784ms] [ERROR] Failed to load resource: the server responded with a status of 502 () @ https://3000-inzdb3k3ygiyevyt52xzc-baad0b8f.sg1.manus.computer/__manus__/logs:0
[18646799ms] [ERROR] Failed to load resource: the server responded with a status of 502 () @ https://3000-inzdb3k3ygiyevyt52xzc-baad0b8f.sg1.manus.computer/__manus__/logs:0
[19513081ms] [ERROR] Failed to load resource: the server responded with a status of 502 () @ https://3000-inzdb3k3ygiyevyt52xzc-baad0b8f.sg1.manus.computer/__manus__/logs:0
[19514763ms] [ERROR] Failed to load resource: the server responded with a status of 502 () @ https://3000-inzdb3k3ygiyevyt52xzc-baad0b8f.sg1.manus.computer/__manus__/logs:0
[19514864ms] [ERROR] Failed to load resource: the server responded with a status of 502 () @ https://3000-inzdb3k3ygiyevyt52xzc-baad0b8f.sg1.manus.computer/company:0
